<?xml version="1.0" encoding="UTF-8"?>
<!-- Generated by org.testng.reporters.JUnitReportReporter -->
<testsuite skipped="0" hostname="DESKTOP-LU9MCAK" name="volnay.Test.NewTest" tests="1" failures="0" timestamp="25 May 2019 04:43:30 GMT" time="0.610" errors="0">
  <testcase name="test_Home_Page_Appear_Correct" time="0.610" classname="volnay.Test.NewTest"/>
</testsuite> <!-- volnay.Test.NewTest -->
