<?xml version="1.0" encoding="UTF-8"?>
<!-- Generated by org.testng.reporters.JUnitReportReporter -->
<testsuite skipped="2" hostname="DESKTOP-LU9MCAK" name="volMain.NewTest" tests="2" failures="0" timestamp="10 Jun 2019 04:33:11 GMT" time="0.000" errors="0">
  <testcase name="f" time="0.000" classname="volMain.NewTest">
    <skipped/>
  </testcase> <!-- f -->
  <testcase name="f" time="0.000" classname="volMain.NewTest">
    <skipped/>
  </testcase> <!-- f -->
</testsuite> <!-- volMain.NewTest -->
