<?xml version="1.0" encoding="UTF-8"?>
<!-- Generated by org.testng.reporters.JUnitReportReporter -->
<testsuite skipped="0" hostname="DESKTOP-LU9MCAK" name="volnay.Test.LoginTest" tests="1" failures="0" timestamp="10 Jun 2019 23:49:15 GMT" time="80.498" errors="0">
  <testcase name="test_Home_Page_Appear_Correct" time="80.498" classname="volnay.Test.LoginTest"/>
</testsuite> <!-- volnay.Test.LoginTest -->
