<?xml version="1.0" encoding="UTF-8"?>
<!-- Generated by org.testng.reporters.JUnitReportReporter -->
<testsuite skipped="0" hostname="DESKTOP-LU9MCAK" name="volPack.VolUserAdd" tests="1" failures="0" timestamp="18 Dec 2018 01:33:36 GMT" time="3.884" errors="0">
  <testcase name="userAdd" time="3.884" classname="volPack.VolUserAdd"/>
</testsuite> <!-- volPack.VolUserAdd -->
