<?xml version="1.0" encoding="UTF-8"?>
<!-- Generated by org.testng.reporters.JUnitReportReporter -->
<testsuite skipped="0" hostname="DESKTOP-LU9MCAK" name="volPack.VolUserAdd" tests="1" failures="0" timestamp="20 Dec 2018 04:42:48 GMT" time="7.646" errors="0">
  <testcase name="userAdd" time="7.646" classname="volPack.VolUserAdd"/>
</testsuite> <!-- volPack.VolUserAdd -->
