<?xml version="1.0" encoding="UTF-8"?>
<!-- Generated by org.testng.reporters.JUnitReportReporter -->
<testsuite skipped="0" hostname="DESKTOP-LU9MCAK" name="volPack.VolLogVer" tests="1" failures="0" timestamp="17 Dec 2018 23:45:21 GMT" time="4.208" errors="0">
  <testcase name="f" time="4.208" classname="volPack.VolLogVer"/>
</testsuite> <!-- volPack.VolLogVer -->
