<?xml version="1.0" encoding="UTF-8"?>
<!-- Generated by org.testng.reporters.JUnitReportReporter -->
<testsuite skipped="0" hostname="DESKTOP-LU9MCAK" name="volPack.VolLogVer" tests="1" failures="0" timestamp="18 Dec 2018 04:58:14 GMT" time="3.712" errors="0">
  <testcase name="f" time="3.712" classname="volPack.VolLogVer"/>
</testsuite> <!-- volPack.VolLogVer -->
