<?xml version="1.0" encoding="UTF-8"?>
<!-- Generated by org.testng.reporters.JUnitReportReporter -->
<testsuite skipped="0" hostname="DESKTOP-LU9MCAK" name="volPack.NewUserTest" tests="1" failures="0" timestamp="17 Dec 2018 04:32:59 GMT" time="4.162" errors="0">
  <testcase name="userAdd" time="4.162" classname="volPack.NewUserTest"/>
</testsuite> <!-- volPack.NewUserTest -->
