<?xml version="1.0" encoding="UTF-8"?>
<!-- Generated by org.testng.reporters.JUnitReportReporter -->
<testsuite skipped="0" hostname="DESKTOP-LU9MCAK" name="volPack.VolLogVer" tests="1" failures="0" timestamp="20 Dec 2018 04:42:48 GMT" time="5.919" errors="0">
  <testcase name="f" time="5.919" classname="volPack.VolLogVer"/>
</testsuite> <!-- volPack.VolLogVer -->
